<?xml version="1.0" encoding="UTF-8"?>
<testsuite xmlns:xsi="http://www.w3.org/2001/XMLSchema-instance" xsi:noNamespaceSchemaLocation="https://maven.apache.org/surefire/maven-surefire-plugin/xsd/surefire-test-report.xsd" name="com.vnici.postal.service.ServiceTest" time="3.347" tests="5" errors="0" skipped="0" failures="0">
  <properties>
[...]
</properties>
  <testcase name="textToPoints" classname="com.vnici.postal.service.ServiceTest" time="0.208"/>
  <testcase name="selectPostalAreas" classname="com.vnici.postal.service.ServiceTest" time="0.677"/>
  <testcase name="Baidu" classname="com.vnici.postal.service.ServiceTest" time="0.527"/>
  <testcase name="deletePostalArea" classname="com.vnici.postal.service.ServiceTest" time="0.067"/>
  <testcase name="updatePostalAreas" classname="com.vnici.postal.service.ServiceTest" time="0.078"/>
</testsuite>